2025-07-23 12:10:28.118  INFO 14124 --- [main] b.c.l.mscartoes.MscartoesApplication     : Starting MscartoesApplication using Java 17.0.14 on ELISDELL with PID 14124 (C:\Users\Elisane\Downloads\Curso Douglas\mscartoes\target\classes started by Elisane in C:\Users\Elisane\Downloads\Curso Douglas\mscartoes)
2025-07-23 12:10:28.250  INFO 14124 --- [main] b.c.l.mscartoes.MscartoesApplication     : No active profile set, falling back to 1 default profile: "default"
2025-07-23 12:10:31.851  INFO 14124 --- [main] .s.d.r.c.RepositoryConfigurationDelegate : Bootstrapping Spring Data JPA repositories in DEFAULT mode.
2025-07-23 12:10:32.366  INFO 14124 --- [main] .s.d.r.c.RepositoryConfigurationDelegate : Finished Spring Data repository scanning in 482 ms. Found 2 JPA repository interfaces.
2025-07-23 12:10:33.093  INFO 14124 --- [main] o.s.cloud.context.scope.GenericScope     : BeanFactory id=291b53b1-a2b9-3445-8c54-75a3dcafbb23
2025-07-23 12:10:34.498  INFO 14124 --- [main] o.s.b.w.embedded.tomcat.TomcatWebServer  : Tomcat initialized with port(s): 0 (http)
2025-07-23 12:10:34.526  INFO 14124 --- [main] o.apache.catalina.core.StandardService   : Starting service [Tomcat]
2025-07-23 12:10:34.527  INFO 14124 --- [main] org.apache.catalina.core.StandardEngine  : Starting Servlet engine: [Apache Tomcat/9.0.60]
2025-07-23 12:10:35.093  INFO 14124 --- [main] o.a.c.c.C.[Tomcat].[localhost].[/]       : Initializing Spring embedded WebApplicationContext
2025-07-23 12:10:35.100  INFO 14124 --- [main] w.s.c.ServletWebServerApplicationContext : Root WebApplicationContext: initialization completed in 6638 ms
2025-07-23 12:10:35.811  INFO 14124 --- [main] com.zaxxer.hikari.HikariDataSource       : HikariPool-1 - Starting...
2025-07-23 12:10:36.287  INFO 14124 --- [main] com.zaxxer.hikari.HikariDataSource       : HikariPool-1 - Start completed.
2025-07-23 12:10:36.416  INFO 14124 --- [main] o.hibernate.jpa.internal.util.LogHelper  : HHH000204: Processing PersistenceUnitInfo [name: default]
2025-07-23 12:10:36.613  INFO 14124 --- [main] org.hibernate.Version                    : HHH000412: Hibernate ORM core version 5.6.7.Final
2025-07-23 12:10:37.151  INFO 14124 --- [main] o.hibernate.annotations.common.Version   : HCANN000001: Hibernate Commons Annotations {5.1.2.Final}
2025-07-23 12:10:37.680  INFO 14124 --- [main] org.hibernate.dialect.Dialect            : HHH000400: Using dialect: org.hibernate.dialect.H2Dialect
2025-07-23 12:10:39.536  INFO 14124 --- [main] o.h.e.t.j.p.i.JtaPlatformInitiator       : HHH000490: Using JtaPlatform implementation: [org.hibernate.engine.transaction.jta.platform.internal.NoJtaPlatform]
2025-07-23 12:10:39.556  INFO 14124 --- [main] j.LocalContainerEntityManagerFactoryBean : Initialized JPA EntityManagerFactory for persistence unit 'default'
2025-07-23 12:10:40.623  WARN 14124 --- [main] JpaBaseConfiguration$JpaWebConfiguration : spring.jpa.open-in-view is enabled by default. Therefore, database queries may be performed during view rendering. Explicitly configure spring.jpa.open-in-view to disable this warning
2025-07-23 12:10:48.324  INFO 14124 --- [main] DiscoveryClientOptionalArgsConfiguration : Eureka HTTP Client uses RestTemplate.
2025-07-23 12:10:48.862  WARN 14124 --- [main] iguration$LoadBalancerCaffeineWarnLogger : Spring Cloud LoadBalancer is currently working with the default cache. While this cache implementation is useful for development and tests, it's recommended to use Caffeine cache in production.You can switch to using Caffeine cache, by adding it and org.springframework.cache.caffeine.CaffeineCacheManager to the classpath.
2025-07-23 12:10:48.880  INFO 14124 --- [main] o.s.b.a.e.web.EndpointLinksResolver      : Exposing 17 endpoint(s) beneath base path '/actuator'
2025-07-23 12:10:49.227  INFO 14124 --- [main] o.s.b.w.embedded.tomcat.TomcatWebServer  : Tomcat started on port(s): 53092 (http) with context path ''
2025-07-23 12:10:49.233  INFO 14124 --- [main] .s.c.n.e.s.EurekaAutoServiceRegistration : Updating port to 53092
2025-07-23 12:10:49.273  INFO 14124 --- [main] o.s.c.n.eureka.InstanceInfoFactory       : Setting initial instance status as: STARTING
2025-07-23 12:10:49.588  INFO 14124 --- [main] com.netflix.discovery.DiscoveryClient    : Initializing Eureka in region us-east-1
2025-07-23 12:10:49.607  INFO 14124 --- [main] c.n.d.s.r.aws.ConfigClusterResolver      : Resolving eureka endpoints via configuration
2025-07-23 12:10:49.687  INFO 14124 --- [main] com.netflix.discovery.DiscoveryClient    : Disable delta property : false
2025-07-23 12:10:49.688  INFO 14124 --- [main] com.netflix.discovery.DiscoveryClient    : Single vip registry refresh property : null
2025-07-23 12:10:49.689  INFO 14124 --- [main] com.netflix.discovery.DiscoveryClient    : Force full registry fetch : false
2025-07-23 12:10:49.689  INFO 14124 --- [main] com.netflix.discovery.DiscoveryClient    : Application is null : false
2025-07-23 12:10:49.689  INFO 14124 --- [main] com.netflix.discovery.DiscoveryClient    : Registered Applications size is zero : true
2025-07-23 12:10:49.689  INFO 14124 --- [main] com.netflix.discovery.DiscoveryClient    : Application version is -1: true
2025-07-23 12:10:49.690  INFO 14124 --- [main] com.netflix.discovery.DiscoveryClient    : Getting all instance registry info from the eureka server
2025-07-23 12:10:55.280  INFO 14124 --- [main] com.netflix.discovery.DiscoveryClient    : The response status is 200
2025-07-23 12:10:55.286  INFO 14124 --- [main] com.netflix.discovery.DiscoveryClient    : Starting heartbeat executor: renew interval is: 30
2025-07-23 12:10:55.294  INFO 14124 --- [main] c.n.discovery.InstanceInfoReplicator     : InstanceInfoReplicator onDemand update allowed rate per min is 4
2025-07-23 12:10:55.313  INFO 14124 --- [main] com.netflix.discovery.DiscoveryClient    : Discovery Client initialized at timestamp 1753283455307 with initial instances count: 0
2025-07-23 12:10:55.327  INFO 14124 --- [main] o.s.c.n.e.s.EurekaServiceRegistry        : Registering application MSCARTOES with eureka with status UP
2025-07-23 12:10:55.330  INFO 14124 --- [main] com.netflix.discovery.DiscoveryClient    : Saw local status change event StatusChangeEvent [timestamp=1753283455330, current=UP, previous=STARTING]
2025-07-23 12:10:55.342  INFO 14124 --- [DiscoveryClient-InstanceInfoReplicator-0] com.netflix.discovery.DiscoveryClient    : DiscoveryClient_MSCARTOES/mscartoes:f5d822f868243f4a5ea5c7169df9ca3d: registering service...
2025-07-23 12:10:56.131  INFO 14124 --- [main] o.s.a.r.c.CachingConnectionFactory       : Attempting to connect to: [localhost:5672]
2025-07-23 12:10:56.860  INFO 14124 --- [main] o.s.a.r.c.CachingConnectionFactory       : Created new connection: rabbitConnectionFactory#1b2e841:0/SimpleConnection@2b39e77d [delegate=amqp://guest@127.0.0.1:5672/, localPort= 53098]
2025-07-23 12:10:57.169  INFO 14124 --- [main] b.c.l.mscartoes.MscartoesApplication     : Started MscartoesApplication in 30.778 seconds (JVM running for 44.358)
2025-07-23 12:10:57.664  INFO 14124 --- [DiscoveryClient-InstanceInfoReplicator-0] com.netflix.discovery.DiscoveryClient    : DiscoveryClient_MSCARTOES/mscartoes:f5d822f868243f4a5ea5c7169df9ca3d - registration status: 204
2025-07-23 12:11:25.375  INFO 14124 --- [DiscoveryClient-CacheRefreshExecutor-0] com.netflix.discovery.DiscoveryClient    : Disable delta property : false
2025-07-23 12:11:25.376  INFO 14124 --- [DiscoveryClient-CacheRefreshExecutor-0] com.netflix.discovery.DiscoveryClient    : Single vip registry refresh property : null
2025-07-23 12:11:25.461  INFO 14124 --- [DiscoveryClient-CacheRefreshExecutor-0] com.netflix.discovery.DiscoveryClient    : Force full registry fetch : false
2025-07-23 12:11:25.465  INFO 14124 --- [DiscoveryClient-CacheRefreshExecutor-0] com.netflix.discovery.DiscoveryClient    : Application is null : false
2025-07-23 12:11:25.473  INFO 14124 --- [DiscoveryClient-CacheRefreshExecutor-0] com.netflix.discovery.DiscoveryClient    : Registered Applications size is zero : true
2025-07-23 12:11:25.474  INFO 14124 --- [DiscoveryClient-CacheRefreshExecutor-0] com.netflix.discovery.DiscoveryClient    : Application version is -1: false
2025-07-23 12:11:25.474  INFO 14124 --- [DiscoveryClient-CacheRefreshExecutor-0] com.netflix.discovery.DiscoveryClient    : Getting all instance registry info from the eureka server
2025-07-23 12:11:25.691  INFO 14124 --- [DiscoveryClient-CacheRefreshExecutor-0] com.netflix.discovery.DiscoveryClient    : The response status is 200
2025-07-23 12:15:49.720  INFO 14124 --- [AsyncResolver-bootstrap-executor-0] c.n.d.s.r.aws.ConfigClusterResolver      : Resolving eureka endpoints via configuration
2025-07-23 12:20:49.744  INFO 14124 --- [AsyncResolver-bootstrap-executor-0] c.n.d.s.r.aws.ConfigClusterResolver      : Resolving eureka endpoints via configuration
2025-07-23 12:25:49.763  INFO 14124 --- [AsyncResolver-bootstrap-executor-0] c.n.d.s.r.aws.ConfigClusterResolver      : Resolving eureka endpoints via configuration
2025-07-23 12:30:49.782  INFO 14124 --- [AsyncResolver-bootstrap-executor-0] c.n.d.s.r.aws.ConfigClusterResolver      : Resolving eureka endpoints via configuration
2025-07-23 12:35:49.796  INFO 14124 --- [AsyncResolver-bootstrap-executor-0] c.n.d.s.r.aws.ConfigClusterResolver      : Resolving eureka endpoints via configuration
2025-07-23 12:40:49.811  INFO 14124 --- [AsyncResolver-bootstrap-executor-0] c.n.d.s.r.aws.ConfigClusterResolver      : Resolving eureka endpoints via configuration
2025-07-23 12:45:49.824  INFO 14124 --- [AsyncResolver-bootstrap-executor-0] c.n.d.s.r.aws.ConfigClusterResolver      : Resolving eureka endpoints via configuration
2025-07-23 12:50:49.837  INFO 14124 --- [AsyncResolver-bootstrap-executor-0] c.n.d.s.r.aws.ConfigClusterResolver      : Resolving eureka endpoints via configuration
2025-07-23 12:55:49.851  INFO 14124 --- [AsyncResolver-bootstrap-executor-0] c.n.d.s.r.aws.ConfigClusterResolver      : Resolving eureka endpoints via configuration
2025-07-23 13:00:49.859  INFO 14124 --- [AsyncResolver-bootstrap-executor-0] c.n.d.s.r.aws.ConfigClusterResolver      : Resolving eureka endpoints via configuration
2025-07-23 13:05:49.877  INFO 14124 --- [AsyncResolver-bootstrap-executor-0] c.n.d.s.r.aws.ConfigClusterResolver      : Resolving eureka endpoints via configuration
2025-07-23 13:10:49.892  INFO 14124 --- [AsyncResolver-bootstrap-executor-0] c.n.d.s.r.aws.ConfigClusterResolver      : Resolving eureka endpoints via configuration
2025-07-23 13:15:49.902  INFO 14124 --- [AsyncResolver-bootstrap-executor-0] c.n.d.s.r.aws.ConfigClusterResolver      : Resolving eureka endpoints via configuration
2025-07-23 13:20:49.908  INFO 14124 --- [AsyncResolver-bootstrap-executor-0] c.n.d.s.r.aws.ConfigClusterResolver      : Resolving eureka endpoints via configuration
2025-07-23 13:25:49.924  INFO 14124 --- [AsyncResolver-bootstrap-executor-0] c.n.d.s.r.aws.ConfigClusterResolver      : Resolving eureka endpoints via configuration
2025-07-23 13:30:49.940  INFO 14124 --- [AsyncResolver-bootstrap-executor-0] c.n.d.s.r.aws.ConfigClusterResolver      : Resolving eureka endpoints via configuration
2025-07-23 13:35:49.955  INFO 14124 --- [AsyncResolver-bootstrap-executor-0] c.n.d.s.r.aws.ConfigClusterResolver      : Resolving eureka endpoints via configuration
2025-07-23 13:40:49.963  INFO 14124 --- [AsyncResolver-bootstrap-executor-0] c.n.d.s.r.aws.ConfigClusterResolver      : Resolving eureka endpoints via configuration
2025-07-23 13:45:49.977  INFO 14124 --- [AsyncResolver-bootstrap-executor-0] c.n.d.s.r.aws.ConfigClusterResolver      : Resolving eureka endpoints via configuration
2025-07-23 13:50:49.983  INFO 14124 --- [AsyncResolver-bootstrap-executor-0] c.n.d.s.r.aws.ConfigClusterResolver      : Resolving eureka endpoints via configuration
2025-07-23 13:55:50.003  INFO 14124 --- [AsyncResolver-bootstrap-executor-0] c.n.d.s.r.aws.ConfigClusterResolver      : Resolving eureka endpoints via configuration
2025-07-23 14:00:50.009  INFO 14124 --- [AsyncResolver-bootstrap-executor-0] c.n.d.s.r.aws.ConfigClusterResolver      : Resolving eureka endpoints via configuration
2025-07-23 14:05:50.018  INFO 14124 --- [AsyncResolver-bootstrap-executor-0] c.n.d.s.r.aws.ConfigClusterResolver      : Resolving eureka endpoints via configuration
2025-07-23 14:10:50.035  INFO 14124 --- [AsyncResolver-bootstrap-executor-0] c.n.d.s.r.aws.ConfigClusterResolver      : Resolving eureka endpoints via configuration
2025-07-23 14:15:50.053  INFO 14124 --- [AsyncResolver-bootstrap-executor-0] c.n.d.s.r.aws.ConfigClusterResolver      : Resolving eureka endpoints via configuration
2025-07-23 14:20:50.067  INFO 14124 --- [AsyncResolver-bootstrap-executor-0] c.n.d.s.r.aws.ConfigClusterResolver      : Resolving eureka endpoints via configuration
2025-07-23 14:25:50.082  INFO 14124 --- [AsyncResolver-bootstrap-executor-0] c.n.d.s.r.aws.ConfigClusterResolver      : Resolving eureka endpoints via configuration
2025-07-23 14:30:50.087  INFO 14124 --- [AsyncResolver-bootstrap-executor-0] c.n.d.s.r.aws.ConfigClusterResolver      : Resolving eureka endpoints via configuration
2025-07-23 14:35:50.102  INFO 14124 --- [AsyncResolver-bootstrap-executor-0] c.n.d.s.r.aws.ConfigClusterResolver      : Resolving eureka endpoints via configuration
2025-07-23 14:40:50.122  INFO 14124 --- [AsyncResolver-bootstrap-executor-0] c.n.d.s.r.aws.ConfigClusterResolver      : Resolving eureka endpoints via configuration
2025-07-23 14:45:50.137  INFO 14124 --- [AsyncResolver-bootstrap-executor-0] c.n.d.s.r.aws.ConfigClusterResolver      : Resolving eureka endpoints via configuration
2025-07-23 14:50:50.170  INFO 14124 --- [AsyncResolver-bootstrap-executor-0] c.n.d.s.r.aws.ConfigClusterResolver      : Resolving eureka endpoints via configuration
2025-07-23 14:55:50.225  INFO 14124 --- [AsyncResolver-bootstrap-executor-0] c.n.d.s.r.aws.ConfigClusterResolver      : Resolving eureka endpoints via configuration
2025-07-23 14:57:29.827  INFO 14124 --- [SpringApplicationShutdownHook] o.s.c.n.e.s.EurekaServiceRegistry        : Unregistering application MSCARTOES with eureka with status DOWN
2025-07-23 14:57:29.921  INFO 14124 --- [SpringApplicationShutdownHook] com.netflix.discovery.DiscoveryClient    : Saw local status change event StatusChangeEvent [timestamp=1753293449920, current=DOWN, previous=UP]
2025-07-23 14:57:29.925  INFO 14124 --- [DiscoveryClient-InstanceInfoReplicator-0] com.netflix.discovery.DiscoveryClient    : DiscoveryClient_MSCARTOES/mscartoes:f5d822f868243f4a5ea5c7169df9ca3d: registering service...
2025-07-23 14:57:30.871  INFO 14124 --- [DiscoveryClient-InstanceInfoReplicator-0] com.netflix.discovery.DiscoveryClient    : DiscoveryClient_MSCARTOES/mscartoes:f5d822f868243f4a5ea5c7169df9ca3d - registration status: 204
2025-07-23 14:57:30.916  INFO 14124 --- [SpringApplicationShutdownHook] o.s.a.r.l.SimpleMessageListenerContainer : Waiting for workers to finish.
2025-07-23 14:57:31.071  INFO 14124 --- [SpringApplicationShutdownHook] o.s.a.r.l.SimpleMessageListenerContainer : Successfully waited for workers to finish.
2025-07-23 14:57:32.199  INFO 14124 --- [SpringApplicationShutdownHook] j.LocalContainerEntityManagerFactoryBean : Closing JPA EntityManagerFactory for persistence unit 'default'
2025-07-23 14:57:32.355  INFO 14124 --- [SpringApplicationShutdownHook] .SchemaDropperImpl$DelayedDropActionImpl : HHH000477: Starting delayed evictData of schema as part of SessionFactory shut-down'
2025-07-23 14:57:32.652  INFO 14124 --- [SpringApplicationShutdownHook] com.zaxxer.hikari.HikariDataSource       : HikariPool-1 - Shutdown initiated...
2025-07-23 14:57:32.879  INFO 14124 --- [SpringApplicationShutdownHook] com.zaxxer.hikari.HikariDataSource       : HikariPool-1 - Shutdown completed.
2025-07-23 14:57:32.901  INFO 14124 --- [SpringApplicationShutdownHook] com.netflix.discovery.DiscoveryClient    : Shutting down DiscoveryClient ...
